2025-01-16 00:07:52,127 [INFO] Activator:176 - 


2025-01-16 00:07:52,129 [INFO] Activator:177 - !SESSION log4j initialized
2025-01-16 00:07:57,464 [INFO] LogOutputStream:77 - [STDOUT_REDIRECT] 
2025-01-16 00:07:59,897 [INFO] ApplicationProperties:184 - Using Application install path: C:\ST\STM32CubeIDE_1.16.0\STM32CubeIDE\plugins\com.st.stm32cube.common.mx_6.12.0.202406281431
2025-01-16 00:07:59,936 [INFO] DbMcusXml:78 - Set database path to: C:\ST\STM32CubeIDE_1.16.0\STM32CubeIDE\plugins\com.st.stm32cube.common.mx_6.12.0.202406281431\\db\/mcu/
2025-01-16 00:07:59,936 [INFO] ApiDb:274 - Set plugin database path to: C:\ST\STM32CubeIDE_1.16.0\STM32CubeIDE\plugins\com.st.stm32cube.common.mx_6.12.0.202406281431\\db\/plugins/boardmanager/
2025-01-16 00:07:59,937 [WARN] ApiDb:259 - Overriding images path with different value:  => C:\ST\STM32CubeIDE_1.16.0\STM32CubeIDE\plugins\com.st.stm32cube.common.mx_6.12.0.202406281431\\db\/plugins/mcufinder/images/
2025-01-16 00:07:59,950 [INFO] ApiDb:250 - Set database path to: C:\Users\48791\.stmcufinder\plugins\mcufinder//mcu/
2025-01-16 00:07:59,951 [INFO] DbMcusAds:125 - Set database path to: C:\Users\48791\.stmcufinder\plugins\mcufinder//mcu/
2025-01-16 00:07:59,954 [INFO] CrossReferenceDbSqlite:203 - Set database path to: C:\Users\48791\.stmcufinder\plugins\mcufinder//mcu/cs/
2025-01-16 00:08:00,126 [INFO] RulesReader:64 - Compatibility file has been processed (297 Rules)
2025-01-16 00:08:00,334 [INFO] DbMcusXml:78 - Set database path to: C:\ST\STM32CubeIDE_1.16.0\STM32CubeIDE\plugins\com.st.stm32cube.common.mx_6.12.0.202406281431\\db\/mcu/
2025-01-16 00:08:00,335 [INFO] ApiDb:274 - Set plugin database path to: C:\ST\STM32CubeIDE_1.16.0\STM32CubeIDE\plugins\com.st.stm32cube.common.mx_6.12.0.202406281431\\db\/plugins/boardmanager/
2025-01-16 00:08:00,335 [INFO] ApiDb:261 - Set plugin images path to: C:\ST\STM32CubeIDE_1.16.0\STM32CubeIDE\plugins\com.st.stm32cube.common.mx_6.12.0.202406281431\\db\/plugins/mcufinder/images/
2025-01-16 00:08:00,335 [WARN] DbFile:41 - Overriding database path with different value: C:\Users\48791\.stmcufinder\plugins\mcufinder/ => C:\Users\48791\.stmcufinder\plugins\mcufinder
2025-01-16 00:08:00,337 [INFO] ApiDb:250 - Set database path to: C:\Users\48791\.stmcufinder\plugins\mcufinder//mcu/
2025-01-16 00:08:00,337 [WARN] DbFile:41 - Overriding database path with different value: C:\Users\48791\.stmcufinder\plugins\mcufinder/ => C:\Users\48791\.stmcufinder\plugins\mcufinder
2025-01-16 00:08:00,337 [INFO] DbMcusAds:125 - Set database path to: C:\Users\48791\.stmcufinder\plugins\mcufinder//mcu/
2025-01-16 00:08:00,337 [WARN] DbFile:41 - Overriding database path with different value: C:\Users\48791\.stmcufinder\plugins\mcufinder/ => C:\Users\48791\.stmcufinder\plugins\mcufinder
2025-01-16 00:08:00,338 [WARN] DbFile:41 - Overriding database path with different value: C:\Users\48791\.stmcufinder\plugins\mcufinder/ => C:\Users\48791\.stmcufinder\plugins\mcufinder
2025-01-16 00:08:00,338 [INFO] CrossReferenceDbSqlite:203 - Set database path to: C:\Users\48791\.stmcufinder\plugins\mcufinder//mcu/cs/
2025-01-16 00:08:00,607 [INFO] MainPanel:268 - HeapMemory: 268435456
2025-01-16 00:08:00,952 [INFO] DbMcusXml:78 - Set database path to: C:\ST\STM32CubeIDE_1.16.0\STM32CubeIDE\plugins\com.st.stm32cube.common.mx_6.12.0.202406281431\\db\/mcu/
2025-01-16 00:08:00,953 [INFO] ApiDb:274 - Set plugin database path to: C:\ST\STM32CubeIDE_1.16.0\STM32CubeIDE\plugins\com.st.stm32cube.common.mx_6.12.0.202406281431\\db\/plugins/boardmanager/
2025-01-16 00:08:00,953 [INFO] ApiDb:261 - Set plugin images path to: C:\ST\STM32CubeIDE_1.16.0\STM32CubeIDE\plugins\com.st.stm32cube.common.mx_6.12.0.202406281431\\db\/plugins/mcufinder/images/
2025-01-16 00:08:00,955 [WARN] DbFile:41 - Overriding database path with different value: C:\Users\48791\.stmcufinder\plugins\mcufinder/ => C:\Users\48791\.stmcufinder\plugins\mcufinder
2025-01-16 00:08:00,955 [INFO] ApiDb:250 - Set database path to: C:\Users\48791\.stmcufinder\plugins\mcufinder//mcu/
2025-01-16 00:08:00,955 [WARN] DbFile:41 - Overriding database path with different value: C:\Users\48791\.stmcufinder\plugins\mcufinder/ => C:\Users\48791\.stmcufinder\plugins\mcufinder
2025-01-16 00:08:00,956 [INFO] DbMcusAds:125 - Set database path to: C:\Users\48791\.stmcufinder\plugins\mcufinder//mcu/
2025-01-16 00:08:00,957 [WARN] DbFile:41 - Overriding database path with different value: C:\Users\48791\.stmcufinder\plugins\mcufinder/ => C:\Users\48791\.stmcufinder\plugins\mcufinder
2025-01-16 00:08:00,957 [WARN] DbFile:41 - Overriding database path with different value: C:\Users\48791\.stmcufinder\plugins\mcufinder/ => C:\Users\48791\.stmcufinder\plugins\mcufinder
2025-01-16 00:08:00,958 [INFO] CrossReferenceDbSqlite:203 - Set database path to: C:\Users\48791\.stmcufinder\plugins\mcufinder//mcu/cs/
2025-01-16 00:08:01,023 [INFO] ApplicationProperties:184 - Using Application install path: C:\ST\STM32CubeIDE_1.16.0\STM32CubeIDE\plugins\com.st.stm32cube.common.mx_6.12.0.202406281431
2025-01-16 00:08:01,028 [INFO] PluginManage:196 - Search for loadable plugins [exclusion list=, ]
2025-01-16 00:08:01,033 [INFO] PluginManage:310 - Check plugin analytics
2025-01-16 00:08:01,549 [INFO] AnalyticsPlugin:253 - Accepted Software Licenses: 
2025-01-16 00:08:01,549 [INFO] AnalyticsPlugin:255 - Accepted CMSIS Pack Licenses: 
2025-01-16 00:08:01,549 [INFO] AnalyticsPlugin:257 - Accepted Firmware Licenses: FW.L4.1.18.0,FW.F7.1.17.0
2025-01-16 00:08:01,554 [INFO] PluginManage:359 - Loaded plugin analytics (category:tool,tabindex:-1)
2025-01-16 00:08:01,554 [INFO] PluginManage:310 - Check plugin cadmodel
2025-01-16 00:08:01,561 [INFO] CADModel:105 - Init CAD model plugin
2025-01-16 00:08:01,561 [INFO] PluginManage:359 - Loaded plugin cadmodel (category:power,tabindex:5)
2025-01-16 00:08:01,561 [INFO] PluginManage:310 - Check plugin clock
2025-01-16 00:08:01,576 [INFO] PluginManage:359 - Loaded plugin clock (category:base,tabindex:2)
2025-01-16 00:08:01,576 [INFO] PluginManage:310 - Check plugin ddr
2025-01-16 00:08:01,581 [INFO] PluginManage:359 - Loaded plugin ddr (category:tool,tabindex:6)
2025-01-16 00:08:01,581 [INFO] PluginManage:310 - Check plugin filemanager
2025-01-16 00:08:01,803 [INFO] PluginManage:359 - Loaded plugin filemanager (category:base,tabindex:10)
2025-01-16 00:08:01,803 [INFO] PluginManage:310 - Check plugin ipmanager
2025-01-16 00:08:01,814 [INFO] PluginManage:359 - Loaded plugin ipmanager (category:base,tabindex:5)
2025-01-16 00:08:01,814 [INFO] PluginManage:310 - Check plugin lpbam
2025-01-16 00:08:01,829 [INFO] PluginManage:359 - Loaded plugin lpbam (category:base,tabindex:0)
2025-01-16 00:08:01,829 [INFO] PluginManage:310 - Check plugin memorymap
2025-01-16 00:08:01,863 [INFO] PluginManage:359 - Loaded plugin memorymap (category:base,tabindex:4)
2025-01-16 00:08:01,863 [INFO] PluginManage:310 - Check plugin pinoutandconfiguration
2025-01-16 00:08:01,878 [INFO] PluginManage:359 - Loaded plugin pinoutandconfiguration (category:base,tabindex:1)
2025-01-16 00:08:01,878 [INFO] PluginManage:310 - Check plugin pinoutconfig
2025-01-16 00:08:02,020 [WARN] SupportedApi:132 - Cannot load RTOS API schema: s4s-elt-must-match.1: The content of 'definitions' must match (annotation?, (simpleType | complexType)?, (unique | key | keyref)*)). A problem was found starting at: attribute.
2025-01-16 00:08:02,257 [INFO] PluginManage:359 - Loaded plugin pinoutconfig (category:base,tabindex:0)
2025-01-16 00:08:02,257 [INFO] PluginManage:310 - Check plugin power
2025-01-16 00:08:02,267 [INFO] PluginManage:359 - Loaded plugin power (category:power,tabindex:4)
2025-01-16 00:08:02,267 [INFO] PluginManage:310 - Check plugin projectmanager
2025-01-16 00:08:02,294 [INFO] PluginManage:359 - Loaded plugin projectmanager (category:projectmanager,tabindex:4)
2025-01-16 00:08:02,295 [INFO] PluginManage:310 - Check plugin rif
2025-01-16 00:08:02,305 [INFO] PluginManage:359 - Loaded plugin rif (category:base,tabindex:3)
2025-01-16 00:08:02,305 [INFO] PluginManage:310 - Check plugin thirdparty
2025-01-16 00:08:02,491 [WARN] IntegrityCheckThread:84 - waiting for thirdparty lock release [integrity check]
2025-01-16 00:08:02,491 [INFO] PluginManage:359 - Loaded plugin thirdparty (category:base,tabindex:-1)
2025-01-16 00:08:02,491 [INFO] IntegrityCheckThread:86 - entering critical section [integrity check]
2025-01-16 00:08:02,491 [INFO] PluginManage:310 - Check plugin tools
2025-01-16 00:08:02,492 [INFO] ThirdPartyUpdaterWithRetryManager:70 - Updater plugin not ready yet. [1/15]
2025-01-16 00:08:02,497 [INFO] PluginManage:359 - Loaded plugin tools (category:base,tabindex:7)
2025-01-16 00:08:02,497 [INFO] PluginManage:310 - Check plugin tutovideos
2025-01-16 00:08:02,841 [INFO] PluginManage:359 - Loaded plugin tutovideos (category:base,tabindex:-1)
2025-01-16 00:08:02,842 [INFO] PluginManage:310 - Check plugin updater
2025-01-16 00:08:02,869 [INFO] PluginManage:359 - Loaded plugin updater (category:base,tabindex:12)
2025-01-16 00:08:02,870 [INFO] PluginManage:310 - Check plugin userauth
2025-01-16 00:08:02,877 [INFO] UserAuth:113 - Init User Auth plugin
2025-01-16 00:08:02,877 [INFO] PluginManage:359 - Loaded plugin userauth (category:base,tabindex:14)
2025-01-16 00:08:02,878 [INFO] PluginManage:283 - PluginManage : Loaded plugins [18]
2025-01-16 00:08:03,179 [INFO] PinOutPanel:1561 - setPackage(No Configuration,No Configuration)
2025-01-16 00:08:03,312 [INFO] CADModel:165 - CPN selected for project level
2025-01-16 00:08:03,312 [INFO] CADModel:114 - Register for checkConnection events
2025-01-16 00:08:03,342 [INFO] IPUIPlugin:80 - create IPUIPlugin
2025-01-16 00:08:03,343 [INFO] PluginManager:220 - loadIPPluginJar : add adc
2025-01-16 00:08:03,348 [INFO] IPUIPlugin:80 - create IPUIPlugin
2025-01-16 00:08:03,348 [INFO] PluginManager:220 - loadIPPluginJar : add aes
2025-01-16 00:08:03,353 [INFO] IPUIPlugin:80 - create IPUIPlugin
2025-01-16 00:08:03,354 [INFO] PluginManager:220 - loadIPPluginJar : add can
2025-01-16 00:08:03,356 [INFO] IPUIPlugin:80 - create IPUIPlugin
2025-01-16 00:08:03,356 [INFO] PluginManager:220 - loadIPPluginJar : add comp
2025-01-16 00:08:03,362 [INFO] IPUIPlugin:80 - create IPUIPlugin
2025-01-16 00:08:03,362 [INFO] PluginManager:220 - loadIPPluginJar : add cryp
2025-01-16 00:08:03,367 [INFO] IPUIPlugin:80 - create IPUIPlugin
2025-01-16 00:08:03,367 [INFO] PluginManager:220 - loadIPPluginJar : add ddr_ctrl_phy
2025-01-16 00:08:03,371 [INFO] IPUIPlugin:80 - create IPUIPlugin
2025-01-16 00:08:03,371 [INFO] PluginManager:220 - loadIPPluginJar : add dfsdm
2025-01-16 00:08:03,380 [INFO] IPUIPlugin:80 - create IPUIPlugin
2025-01-16 00:08:03,381 [INFO] PluginManager:220 - loadIPPluginJar : add dma
2025-01-16 00:08:03,384 [INFO] IPUIPlugin:80 - create IPUIPlugin
2025-01-16 00:08:03,384 [INFO] PluginManager:220 - loadIPPluginJar : add dma3
2025-01-16 00:08:03,387 [INFO] IPUIPlugin:80 - create IPUIPlugin
2025-01-16 00:08:03,387 [INFO] PluginManager:220 - loadIPPluginJar : add extmemmanager
2025-01-16 00:08:03,389 [INFO] IPUIPlugin:80 - create IPUIPlugin
2025-01-16 00:08:03,390 [INFO] PluginManager:220 - loadIPPluginJar : add fatfs
2025-01-16 00:08:03,398 [INFO] IPUIPlugin:80 - create IPUIPlugin
2025-01-16 00:08:03,398 [INFO] PluginManager:220 - loadIPPluginJar : add fmc
2025-01-16 00:08:03,407 [INFO] IPUIPlugin:80 - create IPUIPlugin
2025-01-16 00:08:03,409 [INFO] PluginManager:220 - loadIPPluginJar : add freertos
2025-01-16 00:08:03,411 [INFO] IPUIPlugin:80 - create IPUIPlugin
2025-01-16 00:08:03,411 [INFO] PluginManager:220 - loadIPPluginJar : add genericplugin
2025-01-16 00:08:03,414 [INFO] IPUIPlugin:80 - create IPUIPlugin
2025-01-16 00:08:03,414 [INFO] PluginManager:220 - loadIPPluginJar : add gfxmmu
2025-01-16 00:08:03,419 [INFO] IPUIPlugin:80 - create IPUIPlugin
2025-01-16 00:08:03,421 [INFO] PluginManager:220 - loadIPPluginJar : add gic
2025-01-16 00:08:03,426 [INFO] IPUIPlugin:80 - create IPUIPlugin
2025-01-16 00:08:03,427 [INFO] PluginManager:220 - loadIPPluginJar : add gpio
2025-01-16 00:08:03,430 [INFO] IPUIPlugin:80 - create IPUIPlugin
2025-01-16 00:08:03,430 [INFO] PluginManager:220 - loadIPPluginJar : add gtzc
2025-01-16 00:08:03,433 [INFO] IPUIPlugin:80 - create IPUIPlugin
2025-01-16 00:08:03,434 [INFO] PluginManager:220 - loadIPPluginJar : add hash
2025-01-16 00:08:03,437 [INFO] IPUIPlugin:80 - create IPUIPlugin
2025-01-16 00:08:03,437 [INFO] PluginManager:220 - loadIPPluginJar : add i2c
2025-01-16 00:08:03,440 [INFO] IPUIPlugin:80 - create IPUIPlugin
2025-01-16 00:08:03,440 [INFO] PluginManager:220 - loadIPPluginJar : add i2s
2025-01-16 00:08:03,444 [INFO] IPUIPlugin:80 - create IPUIPlugin
2025-01-16 00:08:03,444 [INFO] PluginManager:220 - loadIPPluginJar : add i3c
2025-01-16 00:08:03,450 [INFO] IPUIPlugin:80 - create IPUIPlugin
2025-01-16 00:08:03,450 [INFO] PluginManager:220 - loadIPPluginJar : add ipddr
2025-01-16 00:08:03,462 [INFO] IPUIPlugin:80 - create IPUIPlugin
2025-01-16 00:08:03,462 [INFO] PluginManager:220 - loadIPPluginJar : add linkedlist
2025-01-16 00:08:03,466 [INFO] IPUIPlugin:80 - create IPUIPlugin
2025-01-16 00:08:03,466 [INFO] PluginManager:220 - loadIPPluginJar : add lorawan
2025-01-16 00:08:03,469 [INFO] IPUIPlugin:80 - create IPUIPlugin
2025-01-16 00:08:03,469 [INFO] PluginManager:220 - loadIPPluginJar : add ltdc
2025-01-16 00:08:03,477 [INFO] IPUIPlugin:80 - create IPUIPlugin
2025-01-16 00:08:03,477 [INFO] PluginManager:220 - loadIPPluginJar : add mdma
2025-01-16 00:08:03,483 [INFO] IPUIPlugin:80 - create IPUIPlugin
2025-01-16 00:08:03,483 [INFO] PluginManager:220 - loadIPPluginJar : add nvic
2025-01-16 00:08:03,487 [INFO] IPUIPlugin:80 - create IPUIPlugin
2025-01-16 00:08:03,487 [INFO] PluginManager:220 - loadIPPluginJar : add opamp
2025-01-16 00:08:03,490 [INFO] IPUIPlugin:80 - create IPUIPlugin
2025-01-16 00:08:03,491 [INFO] PluginManager:220 - loadIPPluginJar : add openamp
2025-01-16 00:08:03,495 [INFO] IPUIPlugin:80 - create IPUIPlugin
2025-01-16 00:08:03,495 [INFO] PluginManager:220 - loadIPPluginJar : add pdm2pcm
2025-01-16 00:08:03,501 [INFO] IPUIPlugin:80 - create IPUIPlugin
2025-01-16 00:08:03,504 [INFO] PluginManager:220 - loadIPPluginJar : add plateformsettings
2025-01-16 00:08:03,506 [INFO] IPUIPlugin:80 - create IPUIPlugin
2025-01-16 00:08:03,506 [INFO] PluginManager:220 - loadIPPluginJar : add quadspi
2025-01-16 00:08:03,508 [INFO] IPUIPlugin:80 - create IPUIPlugin
2025-01-16 00:08:03,510 [INFO] PluginManager:220 - loadIPPluginJar : add radio
2025-01-16 00:08:03,514 [INFO] IPUIPlugin:80 - create IPUIPlugin
2025-01-16 00:08:03,514 [INFO] PluginManager:220 - loadIPPluginJar : add resmgrutility
2025-01-16 00:08:03,518 [INFO] IPUIPlugin:80 - create IPUIPlugin
2025-01-16 00:08:03,518 [INFO] PluginManager:220 - loadIPPluginJar : add sai
2025-01-16 00:08:03,521 [INFO] IPUIPlugin:80 - create IPUIPlugin
2025-01-16 00:08:03,521 [INFO] PluginManager:220 - loadIPPluginJar : add spi
2025-01-16 00:08:03,529 [INFO] IPUIPlugin:80 - create IPUIPlugin
2025-01-16 00:08:03,529 [INFO] PluginManager:220 - loadIPPluginJar : add stm32_wpan
2025-01-16 00:08:03,532 [INFO] IPUIPlugin:80 - create IPUIPlugin
2025-01-16 00:08:03,532 [INFO] PluginManager:220 - loadIPPluginJar : add tim
2025-01-16 00:08:03,536 [INFO] IPUIPlugin:80 - create IPUIPlugin
2025-01-16 00:08:03,536 [INFO] PluginManager:220 - loadIPPluginJar : add touchsensing
2025-01-16 00:08:03,538 [INFO] IPUIPlugin:80 - create IPUIPlugin
2025-01-16 00:08:03,539 [INFO] PluginManager:220 - loadIPPluginJar : add tracer_emb
2025-01-16 00:08:03,541 [INFO] IPUIPlugin:80 - create IPUIPlugin
2025-01-16 00:08:03,542 [INFO] PluginManager:220 - loadIPPluginJar : add ts
2025-01-16 00:08:03,546 [INFO] IPUIPlugin:80 - create IPUIPlugin
2025-01-16 00:08:03,546 [INFO] PluginManager:220 - loadIPPluginJar : add tsc
2025-01-16 00:08:03,549 [INFO] IPUIPlugin:80 - create IPUIPlugin
2025-01-16 00:08:03,549 [INFO] PluginManager:220 - loadIPPluginJar : add ucpd
2025-01-16 00:08:03,554 [INFO] IPUIPlugin:80 - create IPUIPlugin
2025-01-16 00:08:03,554 [INFO] PluginManager:220 - loadIPPluginJar : add usart
2025-01-16 00:08:03,560 [INFO] IPUIPlugin:80 - create IPUIPlugin
2025-01-16 00:08:03,560 [INFO] PluginManager:220 - loadIPPluginJar : add usbx
2025-01-16 00:08:03,706 [INFO] CADModel:165 - CPN selected for project level
2025-01-16 00:08:03,707 [INFO] CADModel:114 - Register for checkConnection events
2025-01-16 00:08:03,708 [FATAL] Updater:334 - Updater called before beeing initialized
2025-01-16 00:08:03,709 [ERROR] CADModel:125 - Updater not yet initialized, retry later 
2025-01-16 00:08:04,388 [INFO] CADModel:165 - CPN selected for project level
2025-01-16 00:08:04,388 [INFO] CADModel:114 - Register for checkConnection events
2025-01-16 00:08:04,389 [FATAL] Updater:334 - Updater called before beeing initialized
2025-01-16 00:08:04,389 [ERROR] CADModel:125 - Updater not yet initialized, retry later 
2025-01-16 00:08:04,402 [FATAL] Updater:334 - Updater called before beeing initialized
2025-01-16 00:08:04,647 [FATAL] Updater:334 - Updater called before beeing initialized
2025-01-16 00:08:04,652 [INFO] DbMcusAds:53 - JSON generation date=Tue Dec 17 17:01:15 CET 2024 (1734451275222)
2025-01-16 00:08:04,653 [FATAL] Updater:334 - Updater called before beeing initialized
2025-01-16 00:08:04,698 [WARN] DetailPanel:346 - Failed to get advertising image, set to default
2025-01-16 00:08:04,821 [FATAL] Updater:334 - Updater called before beeing initialized
2025-01-16 00:08:04,823 [FATAL] Updater:334 - Updater called before beeing initialized
2025-01-16 00:08:04,824 [FATAL] Updater:334 - Updater called before beeing initialized
2025-01-16 00:08:04,824 [WARN] DetailPanel:346 - Failed to get advertising image, set to default
2025-01-16 00:08:04,825 [FATAL] Updater:334 - Updater called before beeing initialized
2025-01-16 00:08:04,894 [ERROR] Updater:1164 - MainUpdater not yet initialized. External WinMGr cannot be set.
2025-01-16 00:08:04,898 [INFO] Updater:1100 - Updater Version found : 6.12.0
2025-01-16 00:08:04,921 [INFO] ApplicationProperties:184 - Using Application install path: C:\ST\STM32CubeIDE_1.16.0\STM32CubeIDE\plugins\com.st.stm32cube.common.mx_6.12.0.202406281431
2025-01-16 00:08:05,493 [INFO] ThirdPartyUpdaterWithRetryManager:70 - Updater plugin not ready yet. [2/15]
2025-01-16 00:08:06,507 [ERROR] LogOutputStream:75 - [STDERR_REDIRECT] Jan 16, 2025 12:08:06 AM java.util.prefs.WindowsPreferences <init>
2025-01-16 00:08:06,514 [ERROR] LogOutputStream:75 - [STDERR_REDIRECT] WARNING: Could not open/create prefs root node Software\JavaSoft\Prefs at root 0xffffffff80000002. Windows RegCreateKeyEx(...) returned error code 5.
2025-01-16 00:08:06,515 [ERROR] LogOutputStream:75 - [STDERR_REDIRECT] 
2025-01-16 00:08:07,016 [INFO] MainUpdater:2873 - connection check result : 10
2025-01-16 00:08:07,018 [INFO] MainUpdater:290 - Updater Check For Update Now.
2025-01-16 00:08:07,019 [INFO] MicroXplorer:498 - Change Database Version : DB.6.0.120
2025-01-16 00:08:07,054 [INFO] McuFinderGlobals:63 - Set McuFinder mode to 2 (CubeIDE integrated)
2025-01-16 00:08:07,055 [INFO] UserAuth:417 - Internet connection configuration mode: 1
2025-01-16 00:08:07,132 [INFO] JxBrowserEngine:152 - Initiate JxBrowser Engine with user profile folder
2025-01-16 00:08:07,370 [INFO] CheckServerUpdateThread:120 - End of CheckServer Thread
2025-01-16 00:08:08,645 [INFO] WebApp:167 - Instantiating new browser for Auth
2025-01-16 00:08:09,190 [WARN] PackLoader:240 - Cannot read IP mode file for STMicroelectronics.FP-SNS-MOTENVWB1.1.4.0
2025-01-16 00:08:09,227 [WARN] PackLoader:240 - Cannot read IP mode file for STMicroelectronics.FP-ATR-ASTRA1.2.0.1
2025-01-16 00:08:09,272 [WARN] PackLoader:240 - Cannot read IP mode file for STMicroelectronics.X-CUBE-SMBUS.2.1.0
2025-01-16 00:08:09,307 [WARN] PackLoader:240 - Cannot read IP mode file for STMicroelectronics.X-CUBE-WB05N.1.1.0
2025-01-16 00:08:09,372 [WARN] PackLoader:240 - Cannot read IP mode file for STMicroelectronics.X-CUBE-AZRTOS-F7.1.1.0
2025-01-16 00:08:09,491 [WARN] PackLoader:240 - Cannot read IP mode file for STMicroelectronics.X-CUBE-MEMS1.11.0.0
2025-01-16 00:08:09,753 [WARN] PackLoader:240 - Cannot read IP mode file for STMicroelectronics.FP-SNS-FLIGHT1.5.0.2
2025-01-16 00:08:09,766 [WARN] PackLoader:240 - Cannot read IP mode file for STMicroelectronics.X-CUBE-DISPLAY.3.0.0
2025-01-16 00:08:09,781 [WARN] PackLoader:240 - Cannot read IP mode file for STMicroelectronics.X-CUBE-BLE1.7.0.0
2025-01-16 00:08:09,791 [WARN] PackLoader:240 - Cannot read IP mode file for STMicroelectronics.X-CUBE-NFC10.1.0.0
2025-01-16 00:08:09,811 [WARN] PackLoader:240 - Cannot read IP mode file for STMicroelectronics.X-CUBE-BLEMGR.4.0.0
2025-01-16 00:08:09,823 [WARN] PackLoader:240 - Cannot read IP mode file for emotas.I-CUBE-CANOPEN.1.3.0
2025-01-16 00:08:09,832 [WARN] PackLoader:240 - Cannot read IP mode file for STMicroelectronics.X-CUBE-BLEMGR.3.1.0
2025-01-16 00:08:09,845 [WARN] PackLoader:240 - Cannot read IP mode file for STMicroelectronics.FP-SNS-SMARTAG2.1.2.0
2025-01-16 00:08:09,937 [WARN] PackLoader:240 - Cannot read IP mode file for STMicroelectronics.X-CUBE-MEMS1.11.1.0
2025-01-16 00:08:10,069 [INFO] LogOutputStream:77 - [STDOUT_REDIRECT] 1 : Invalid condition id : UX_CORESTACK_Condition cause : null
2025-01-16 00:08:10,070 [INFO] LogOutputStream:77 - [STDOUT_REDIRECT] 1 : Invalid condition id : UX_CORESTACK_Condition cause : null
2025-01-16 00:08:10,072 [INFO] LogOutputStream:77 - [STDOUT_REDIRECT] 1 : Invalid condition id : UX_CORESTACK_Condition cause : null
2025-01-16 00:08:10,075 [INFO] LogOutputStream:77 - [STDOUT_REDIRECT] 1 : Invalid condition id : UX_CORESTACK_Condition cause : null
2025-01-16 00:08:10,077 [INFO] LogOutputStream:77 - [STDOUT_REDIRECT] 1 : Invalid condition id : UX_CORESTACK_Condition cause : null
2025-01-16 00:08:10,079 [WARN] PackLoader:240 - Cannot read IP mode file for STMicroelectronics.X-CUBE-AZRTOS-WL.2.0.0
2025-01-16 00:08:10,088 [WARN] PackLoader:240 - Cannot read IP mode file for STMicroelectronics.FP-SNS-MOTENV1.5.0.0
2025-01-16 00:08:10,094 [WARN] PackLoader:240 - Cannot read IP mode file for wolfSSL.I-CUBE-wolfMQTT.1.19.0
2025-01-16 00:08:10,105 [WARN] PackLoader:240 - Cannot read IP mode file for WES.I-CUBE-Cesium.1.3.0
2025-01-16 00:08:10,111 [WARN] PackLoader:240 - Cannot read IP mode file for STMicroelectronics.X-CUBE-BLE2.3.3.0
2025-01-16 00:08:10,123 [WARN] PackLoader:240 - Cannot read IP mode file for STMicroelectronics.X-CUBE-NFC9.1.0.0
2025-01-16 00:08:10,134 [WARN] PackLoader:240 - Cannot read IP mode file for STMicroelectronics.X-CUBE-TCPP.4.1.0
2025-01-16 00:08:10,159 [WARN] PackLoader:240 - Cannot read IP mode file for STMicroelectronics.X-CUBE-AZRTOS-G0.1.1.0
2025-01-16 00:08:10,172 [WARN] PackLoader:240 - Cannot read IP mode file for STMicroelectronics.X-CUBE-SAFEA1.1.2.2
2025-01-16 00:08:10,182 [WARN] PackLoader:240 - Cannot read IP mode file for STMicroelectronics.X-CUBE-NFC4.3.0.0
2025-01-16 00:08:10,208 [WARN] PackLoader:240 - Cannot read IP mode file for EmbeddedOffice.I-CUBE-FS-RTOS.1.0.1
2025-01-16 00:08:10,209 [ERROR] ConditionMgr:805 - Attr not supported : Dmpu
2025-01-16 00:08:10,209 [ERROR] ConditionMgr:805 - Attr not supported : Dmpu
2025-01-16 00:08:10,209 [ERROR] ConditionMgr:805 - Attr not supported : Dmpu
2025-01-16 00:08:10,209 [ERROR] ConditionMgr:805 - Attr not supported : Dmpu
2025-01-16 00:08:10,209 [ERROR] ConditionMgr:805 - Attr not supported : Dmpu
2025-01-16 00:08:10,210 [ERROR] ConditionMgr:805 - Attr not supported : Dmpu
2025-01-16 00:08:10,210 [ERROR] ConditionMgr:805 - Attr not supported : Dmpu
2025-01-16 00:08:10,210 [ERROR] ConditionMgr:805 - Attr not supported : Dmpu
2025-01-16 00:08:10,210 [ERROR] ConditionMgr:805 - Attr not supported : Dmpu
2025-01-16 00:08:10,210 [ERROR] ConditionMgr:805 - Attr not supported : Dmpu
2025-01-16 00:08:10,210 [ERROR] ConditionMgr:805 - Attr not supported : Dmpu
2025-01-16 00:08:10,210 [ERROR] ConditionMgr:805 - Attr not supported : Dmpu
2025-01-16 00:08:10,210 [ERROR] ConditionMgr:805 - Attr not supported : Dmpu
2025-01-16 00:08:10,210 [ERROR] ConditionMgr:805 - Attr not supported : Dmpu
2025-01-16 00:08:10,210 [ERROR] ConditionMgr:805 - Attr not supported : Dmpu
2025-01-16 00:08:10,211 [ERROR] ConditionMgr:805 - Attr not supported : Dmpu
2025-01-16 00:08:10,211 [ERROR] ConditionMgr:805 - Attr not supported : Dmpu
2025-01-16 00:08:10,211 [ERROR] ConditionMgr:805 - Attr not supported : Dmpu
2025-01-16 00:08:10,211 [ERROR] ConditionMgr:805 - Attr not supported : Dmpu
2025-01-16 00:08:10,211 [ERROR] ConditionMgr:805 - Attr not supported : Dmpu
2025-01-16 00:08:10,211 [ERROR] ConditionMgr:805 - Attr not supported : Dmpu
2025-01-16 00:08:10,211 [ERROR] ConditionMgr:805 - Attr not supported : Dmpu
2025-01-16 00:08:10,211 [ERROR] ConditionMgr:805 - Attr not supported : Dmpu
2025-01-16 00:08:10,211 [ERROR] ConditionMgr:805 - Attr not supported : Dmpu
2025-01-16 00:08:10,211 [ERROR] ConditionMgr:805 - Attr not supported : Dmpu
2025-01-16 00:08:10,211 [ERROR] ConditionMgr:805 - Attr not supported : Dmpu
2025-01-16 00:08:10,212 [ERROR] ConditionMgr:805 - Attr not supported : Dmpu
2025-01-16 00:08:10,212 [ERROR] ConditionMgr:805 - Attr not supported : Dmpu
2025-01-16 00:08:10,212 [ERROR] ConditionMgr:805 - Attr not supported : Dmpu
2025-01-16 00:08:10,212 [ERROR] ConditionMgr:805 - Attr not supported : Dmpu
2025-01-16 00:08:10,212 [ERROR] ConditionMgr:805 - Attr not supported : Dmpu
2025-01-16 00:08:10,212 [ERROR] ConditionMgr:805 - Attr not supported : Dmpu
2025-01-16 00:08:10,212 [ERROR] ConditionMgr:805 - Attr not supported : Dmpu
2025-01-16 00:08:10,212 [ERROR] ConditionMgr:805 - Attr not supported : Dmpu
2025-01-16 00:08:10,214 [ERROR] ConditionMgr:805 - Attr not supported : Dmpu
2025-01-16 00:08:10,214 [ERROR] ConditionMgr:805 - Attr not supported : Dmpu
2025-01-16 00:08:10,214 [ERROR] ConditionMgr:805 - Attr not supported : Dmpu
2025-01-16 00:08:10,214 [ERROR] ConditionMgr:805 - Attr not supported : Dmpu
2025-01-16 00:08:10,214 [ERROR] ConditionMgr:805 - Attr not supported : Dmpu
2025-01-16 00:08:10,214 [ERROR] ConditionMgr:805 - Attr not supported : Dmpu
2025-01-16 00:08:10,214 [ERROR] ConditionMgr:805 - Attr not supported : Dmpu
2025-01-16 00:08:10,215 [ERROR] ConditionMgr:805 - Attr not supported : Dmpu
2025-01-16 00:08:10,215 [ERROR] ConditionMgr:805 - Attr not supported : Dmpu
2025-01-16 00:08:10,215 [ERROR] ConditionMgr:805 - Attr not supported : Dmpu
2025-01-16 00:08:10,215 [ERROR] ConditionMgr:805 - Attr not supported : Dmpu
2025-01-16 00:08:10,215 [ERROR] ConditionMgr:805 - Attr not supported : Dmpu
2025-01-16 00:08:10,215 [ERROR] ConditionMgr:805 - Attr not supported : Dmpu
2025-01-16 00:08:10,215 [ERROR] ConditionMgr:805 - Attr not supported : Dmpu
2025-01-16 00:08:10,215 [ERROR] ConditionMgr:805 - Attr not supported : Dmpu
2025-01-16 00:08:10,215 [ERROR] ConditionMgr:805 - Attr not supported : Dmpu
2025-01-16 00:08:10,216 [ERROR] ConditionMgr:805 - Attr not supported : Dmpu
2025-01-16 00:08:10,216 [ERROR] ConditionMgr:805 - Attr not supported : Dmpu
2025-01-16 00:08:10,216 [ERROR] ConditionMgr:805 - Attr not supported : Dmpu
2025-01-16 00:08:10,216 [ERROR] ConditionMgr:805 - Attr not supported : Dmpu
2025-01-16 00:08:10,216 [ERROR] ConditionMgr:805 - Attr not supported : Dmpu
2025-01-16 00:08:10,216 [ERROR] ConditionMgr:805 - Attr not supported : Dmpu
2025-01-16 00:08:10,216 [ERROR] ConditionMgr:805 - Attr not supported : Dmpu
2025-01-16 00:08:10,216 [ERROR] ConditionMgr:805 - Attr not supported : Dmpu
2025-01-16 00:08:10,216 [ERROR] ConditionMgr:805 - Attr not supported : Dmpu
2025-01-16 00:08:10,216 [ERROR] ConditionMgr:805 - Attr not supported : Dmpu
2025-01-16 00:08:10,216 [ERROR] ConditionMgr:805 - Attr not supported : Dmpu
2025-01-16 00:08:10,216 [ERROR] ConditionMgr:805 - Attr not supported : Dmpu
2025-01-16 00:08:10,216 [ERROR] ConditionMgr:805 - Attr not supported : Dmpu
2025-01-16 00:08:10,216 [ERROR] ConditionMgr:805 - Attr not supported : Dmpu
2025-01-16 00:08:10,223 [ERROR] Engine:466 - C:\Users\48791\.stm32cubemx\thirdparties\pdsc\STMicroelectronics.X-CUBE-TCPP.4.2.0.pdsc: PDSC version is not supported
2025-01-16 00:08:10,235 [WARN] PackLoader:240 - Cannot read IP mode file for RealThread.X-CUBE-RT-Thread_Nano.4.1.1
2025-01-16 00:08:10,242 [WARN] PackLoader:240 - Cannot read IP mode file for STMicroelectronics.FP-ATR-SIGFOX1.3.2.0
2025-01-16 00:08:10,260 [WARN] PackLoader:240 - Cannot read IP mode file for wolfSSL.I-CUBE-wolfSSL.5.7.2
2025-01-16 00:08:10,275 [WARN] ConditionMgr:438 - getConditionDescription Invalid condition id : Cortex-A Device cause : null
2025-01-16 00:08:10,304 [WARN] ConditionMgr:1039 - genDependencies : Invalid condition id : Cortex-A Device cause : null
2025-01-16 00:08:10,304 [WARN] ConditionMgr:1039 - genDependencies : Invalid condition id : Cortex-A Device cause : null
2025-01-16 00:08:10,304 [WARN] ConditionMgr:1039 - genDependencies : Invalid condition id : Cortex-A Device cause : null
2025-01-16 00:08:10,322 [WARN] PackLoader:240 - Cannot read IP mode file for STMicroelectronics.X-CUBE-EEPRMA1.5.1.0
2025-01-16 00:08:10,352 [WARN] PackLoader:240 - Cannot read IP mode file for ITTIA_DB.I-CUBE-ITTIADB.8.9.0
2025-01-16 00:08:10,419 [WARN] PackLoader:240 - Cannot read IP mode file for SEGGER.I-CUBE-embOS.1.3.1
2025-01-16 00:08:10,490 [WARN] PackLoader:240 - Cannot read IP mode file for STMicroelectronics.X-CUBE-ALGOBUILD.1.4.0
2025-01-16 00:08:10,502 [WARN] PackLoader:240 - Cannot read IP mode file for STMicroelectronics.X-CUBE-AI.9.1.0
2025-01-16 00:08:10,520 [WARN] PackLoader:240 - Cannot read IP mode file for STMicroelectronics.X-CUBE-GNSS1.6.0.0
2025-01-16 00:08:10,557 [WARN] PackLoader:240 - Cannot read IP mode file for STMicroelectronics.X-CUBE-AZRTOS-F4.1.1.0
2025-01-16 00:08:10,565 [INFO] WebApp:448 - Apply proxy settings
2025-01-16 00:08:10,566 [INFO] WebApp:533 - Chromium requires no authentication
2025-01-16 00:08:10,572 [WARN] PackLoader:240 - Cannot read IP mode file for STMicroelectronics.X-CUBE-ISPU.2.1.0
2025-01-16 00:08:10,584 [WARN] PackLoader:240 - Cannot read IP mode file for STMicroelectronics.X-CUBE-FREERTOS.1.2.0
2025-01-16 00:08:10,605 [INFO] WebApp:476 - Direct internet connection detected
2025-01-16 00:08:10,622 [WARN] PackLoader:240 - Cannot read IP mode file for STMicroelectronics.X-CUBE-AZRTOS-L5.2.0.0
2025-01-16 00:08:10,645 [WARN] PackLoader:240 - Cannot read IP mode file for STMicroelectronics.X-CUBE-NFC6.3.1.0
2025-01-16 00:08:10,658 [WARN] PackLoader:240 - Cannot read IP mode file for STMicroelectronics.X-CUBE-DPower.1.2.0
2025-01-16 00:08:10,664 [WARN] PackLoader:240 - Cannot read IP mode file for STMicroelectronics.X-CUBE-AI.9.0.0
2025-01-16 00:08:10,674 [WARN] PackLoader:240 - Cannot read IP mode file for STMicroelectronics.X-CUBE-FREERTOS.1.3.0
2025-01-16 00:08:10,682 [WARN] PackLoader:240 - Cannot read IP mode file for STMicroelectronics.X-CUBE-NFC7.1.0.1
2025-01-16 00:08:10,698 [WARN] PackLoader:240 - Cannot read IP mode file for wolfSSL.I-CUBE-wolfTPM.3.2.0
2025-01-16 00:08:10,710 [INFO] WebApp:869 - Register for checkConnection events
2025-01-16 00:08:10,710 [INFO] WebApp:448 - Apply proxy settings
2025-01-16 00:08:10,711 [INFO] WebApp:533 - Chromium requires no authentication
2025-01-16 00:08:10,712 [INFO] WebApp:476 - Direct internet connection detected
2025-01-16 00:08:10,730 [WARN] ConditionMgr:438 - getConditionDescription Invalid condition id : LAN8742 Phy interface Condition cause : null
2025-01-16 00:08:10,731 [WARN] PackLoader:240 - Cannot read IP mode file for STMicroelectronics.X-CUBE-AZRTOS-L4.2.0.0
2025-01-16 00:08:10,732 [WARN] ConditionMgr:1039 - genDependencies : Invalid condition id : LAN8742 Phy interface Condition cause : null
2025-01-16 00:08:10,733 [WARN] ConditionMgr:1039 - genDependencies : Invalid condition id : LAN8742 Phy interface Condition cause : null
2025-01-16 00:08:10,733 [WARN] ConditionMgr:1039 - genDependencies : Invalid condition id : LAN8742 Phy interface Condition cause : null
2025-01-16 00:08:10,748 [WARN] PackLoader:240 - Cannot read IP mode file for STMicroelectronics.X-CUBE-SFXS2LP1.4.0.0
2025-01-16 00:08:10,785 [WARN] PackLoader:240 - Cannot read IP mode file for STMicroelectronics.X-CUBE-AZRTOS-H7.3.3.0
2025-01-16 00:08:10,807 [WARN] PackLoader:240 - Cannot read IP mode file for STMicroelectronics.X-CUBE-IPS.3.0.0
2025-01-16 00:08:10,833 [WARN] ConditionMgr:438 - getConditionDescription Invalid condition id : UX DEVICE CLASS RTOS Condition cause : null
2025-01-16 00:08:10,833 [WARN] ConditionMgr:438 - getConditionDescription Invalid condition id : UX DEVICE CLASS RTOS Condition cause : null
2025-01-16 00:08:10,836 [WARN] PackLoader:240 - Cannot read IP mode file for STMicroelectronics.X-CUBE-AZRTOS-WB.2.0.0
2025-01-16 00:08:10,837 [WARN] ConditionMgr:1039 - genDependencies : Invalid condition id : UX DEVICE CLASS RTOS Condition cause : null
2025-01-16 00:08:10,837 [WARN] ConditionMgr:1039 - genDependencies : Invalid condition id : UX DEVICE CLASS RTOS Condition cause : null
2025-01-16 00:08:10,838 [WARN] ConditionMgr:1039 - genDependencies : Invalid condition id : UX DEVICE CLASS RTOS Condition cause : null
2025-01-16 00:08:10,839 [WARN] ConditionMgr:1039 - genDependencies : Invalid condition id : UX DEVICE CLASS RTOS Condition cause : null
2025-01-16 00:08:10,839 [WARN] ConditionMgr:1039 - genDependencies : Invalid condition id : UX DEVICE CLASS RTOS Condition cause : null
2025-01-16 00:08:10,846 [WARN] PackLoader:240 - Cannot read IP mode file for STMicroelectronics.X-CUBE-GNSS1.7.0.0
2025-01-16 00:08:10,853 [WARN] PackLoader:240 - Cannot read IP mode file for STMicroelectronics.X-CUBE-GNSS1.7.0.1
2025-01-16 00:08:10,870 [INFO] WebApp:186 - Connection restablished
2025-01-16 00:08:10,874 [WARN] PackLoader:240 - Cannot read IP mode file for STMicroelectronics.FP-SNS-STBOX1.2.0.0
2025-01-16 00:08:10,893 [WARN] PackLoader:240 - Cannot read IP mode file for STMicroelectronics.X-CUBE-SUBG2.5.0.0
2025-01-16 00:08:10,911 [WARN] PackLoader:240 - Cannot read IP mode file for Cesanta.I-CUBE-Mongoose.7.13.0
2025-01-16 00:08:10,934 [WARN] PackLoader:240 - Cannot read IP mode file for STMicroelectronics.X-CUBE-AZRTOS-G4.2.0.0
2025-01-16 00:08:10,942 [WARN] PackLoader:240 - Cannot read IP mode file for STMicroelectronics.X-CUBE-ISPU.2.0.0
2025-01-16 00:08:10,952 [ERROR] Engine:466 - C:\Users\48791\.stm32cubemx\thirdparties\pdsc\STMicroelectronics.X-CUBE-IPS.3.1.0.pdsc: PDSC version is not supported
2025-01-16 00:08:10,958 [WARN] PackLoader:240 - Cannot read IP mode file for STMicroelectronics.X-CUBE-ALS.1.0.2
2025-01-16 00:08:11,021 [WARN] PackLoader:240 - Cannot read IP mode file for STMicroelectronics.X-CUBE-MEMS1.10.0.0
2025-01-16 00:08:11,229 [WARN] PackLoader:240 - Cannot read IP mode file for STMicroelectronics.X-CUBE-TOUCHGFX.4.24.0
2025-01-16 00:08:11,234 [WARN] PackLoader:240 - Cannot read IP mode file for STMicroelectronics.X-CUBE-TOUCHGFX.4.24.2
2025-01-16 00:08:11,240 [WARN] PackLoader:240 - Cannot read IP mode file for STMicroelectronics.X-CUBE-TOUCHGFX.4.24.1
2025-01-16 00:08:11,248 [WARN] PackLoader:240 - Cannot read IP mode file for portGmbH.I-Cube-SoM-uGOAL.1.1.0
2025-01-16 00:08:11,278 [WARN] PackLoader:240 - Cannot read IP mode file for STMicroelectronics.X-CUBE-AZRTOS-H7RS.1.0.0
2025-01-16 00:08:11,286 [WARN] PackLoader:240 - Cannot read IP mode file for STMicroelectronics.FP-ATR-ASTRA1.2.0.0
2025-01-16 00:08:11,304 [WARN] PackLoader:240 - Cannot read IP mode file for STMicroelectronics.X-CUBE-TOF1.3.4.2
2025-01-16 00:08:11,305 [INFO] WebApp:220 - Starting web application
2025-01-16 00:08:11,305 [INFO] WebApp:578 - Web application path used C:\ST\STM32CubeIDE_1.16.0\STM32CubeIDE\plugins\com.st.stm32cube.common.mx_6.12.0.202406281431\db\plugins\mcufinder\reactClient1\index.html
2025-01-16 00:08:11,359 [WARN] PackLoader:240 - Cannot read IP mode file for STMicroelectronics.X-CUBE-AZRTOS-H7.3.2.0
2025-01-16 00:08:11,392 [WARN] PackLoader:240 - Cannot read IP mode file for Infineon.AIROC-Wi-Fi-Bluetooth-STM32.1.6.0
2025-01-16 00:08:11,404 [WARN] PackLoader:240 - Cannot read IP mode file for wolfSSL.I-CUBE-wolfSSH.1.4.17
2025-01-16 00:08:11,405 [INFO] ThirdParty:978 - Integrity check success = true
2025-01-16 00:08:11,405 [INFO] IntegrityCheckThread:100 - exiting critical section [integrity check]
2025-01-16 00:08:11,406 [INFO] IntegrityCheckThread:103 - End integrity checks thread
2025-01-16 00:08:11,670 [INFO] UserAuth:417 - Internet connection configuration mode: 1
2025-01-16 00:08:47,209 [ERROR] LogOutputStream:75 - [STDERR_REDIRECT] 
2025-01-16 00:08:47,210 [ERROR] LogOutputStream:75 - [STDERR_REDIRECT] 
